\BOOKMARK [0][-]{chapter*.2}{Introduction}{}% 1
\BOOKMARK [0][-]{chapter.1}{An Introduction to Brain Imaging}{}% 2
\BOOKMARK [1][-]{section.1.1}{The resting State}{chapter.1}% 3
\BOOKMARK [2][-]{subsection.1.1.1}{Earlier Studies}{section.1.1}% 4
\BOOKMARK [2][-]{subsection.1.1.2}{The Resting State in Brain Disease}{section.1.1}% 5
\BOOKMARK [1][-]{section.1.2}{Investigating the Resting State}{chapter.1}% 6
\BOOKMARK [2][-]{subsection.1.2.1}{The fMRI Technique}{section.1.2}% 7
\BOOKMARK [1][-]{section.1.3}{The BOLD Signal}{chapter.1}% 8
\BOOKMARK [1][-]{section.1.4}{Data Preprocessing}{chapter.1}% 9
\BOOKMARK [1][-]{section.1.5}{The Functional Connectivity Matrix}{chapter.1}% 10
\BOOKMARK [0][-]{chapter.2}{The Wishart Distribution}{}% 11
\BOOKMARK [1][-]{section.2.1}{Definition}{chapter.2}% 12
\BOOKMARK [1][-]{section.2.2}{PDF Computation for Invertible }{chapter.2}% 13
\BOOKMARK [2][-]{subsection.2.2.1}{Visualizing the Wishart Distribution}{section.2.2}% 14
\BOOKMARK [1][-]{section.2.3}{The Wishart Distribution in Bayesian Conjugate Prior Analysis}{chapter.2}% 15
\BOOKMARK [2][-]{subsection.2.3.1}{Bayesian Inference and Priors Distributions}{section.2.3}% 16
\BOOKMARK [2][-]{subsection.2.3.2}{The Wishart Conjugate Prior}{section.2.3}% 17
\BOOKMARK [0][-]{chapter.3}{The WISDoM Multiple Order Classification}{}% 18
\BOOKMARK [1][-]{section.3.1}{Wishart Sampling}{chapter.3}% 19
\BOOKMARK [2][-]{subsection.3.1.1}{Computing the Estimated Distribution}{section.3.1}% 20
\BOOKMARK [1][-]{section.3.2}{Log-Likelihood Ratio Distance}{chapter.3}% 21
\BOOKMARK [2][-]{subsection.3.2.1}{Complete Matrix Distance}{section.3.2}% 22
\BOOKMARK [2][-]{subsection.3.2.2}{Single Feature Distance and Multiple Order Reduction}{section.3.2}% 23
\BOOKMARK [2][-]{subsection.3.2.3}{Generalizing to \(p-n\) Order Transformations}{section.3.2}% 24
\BOOKMARK [1][-]{section.3.3}{Pipeline}{chapter.3}% 25
\BOOKMARK [2][-]{subsection.3.3.1}{The Snakemake Environment}{section.3.3}% 26
\BOOKMARK [2][-]{subsection.3.3.2}{The WISDoM Pipeline}{section.3.3}% 27
\BOOKMARK [2][-]{subsection.3.3.3}{Classification Methods}{section.3.3}% 28
\BOOKMARK [0][-]{chapter.4}{Results of The WISDoM Multiple Order Classification}{}% 29
\BOOKMARK [1][-]{section.4.1}{The ADNI2 Database: Study and Results}{chapter.4}% 30
\BOOKMARK [2][-]{subsection.4.1.1}{Data Exploration and Selection for WISDoM Classification}{section.4.1}% 31
\BOOKMARK [2][-]{subsection.4.1.2}{Results}{section.4.1}% 32
\BOOKMARK [0][-]{chapter*.41}{Conclusions}{}% 33
